<?xml version="1.0" encoding="UTF-8"?>
<!-- Generated by org.testng.reporters.JUnitReportReporter -->
<testsuite hostname="LAPTOP-M8KNMDRC" failures="0" tests="1" name="com.Actitime.Testscripts.CreateCustomer" time="13.229" errors="0" timestamp="2023-07-24T11:52:01 IST" skipped="0">
  <testcase classname="com.Actitime.Testscripts.CreateCustomer" name="createcustomer" time="13.229"/>
  <system-out>
    <![CDATA[database connected
Browser is launched successfully
logged in successfully
logged out successfully
browser closed successfully
database disconnected sucessfully]]>
  </system-out>
</testsuite> <!-- com.Actitime.Testscripts.CreateCustomer -->
